<?xml version="1.0" encoding="UTF-8"?>
<testsuite name="JUnit Jupiter" tests="0" skipped="0" failures="0" errors="0" time="0.007" hostname="abca5fcf31a2" timestamp="2017-02-08T02:10:19">
<properties>
<property name="awt.toolkit" value="sun.awt.X11.XToolkit"/>
<property name="file.encoding" value="US-ASCII"/>
<property name="file.encoding.pkg" value="sun.io"/>
<property name="file.separator" value="/"/>
<property name="java.awt.graphicsenv" value="sun.awt.X11GraphicsEnvironment"/>
<property name="java.awt.printerjob" value="sun.print.PSPrinterJob"/>
<property name="java.class.path" value="/usr/src/app/build/classes/test:/usr/src/app/build/resources/test:/usr/src/app/build/classes/main:/usr/src/app/build/resources/main:/usr/src/app/src/main/resources/algs4.jar:/root/.gradle/caches/modules-2/files-2.1/org.junit.jupiter/junit-jupiter-api/5.0.0-M3/a0f3d812b3f3b394f0f6b1998f706a3685b28cbe/junit-jupiter-api-5.0.0-M3.jar:/root/.gradle/caches/modules-2/files-2.1/junit/junit/4.12/2973d150c0dc1fefe998f834810d68f278ea58ec/junit-4.12.jar:/root/.gradle/caches/modules-2/files-2.1/org.junit.jupiter/junit-jupiter-engine/5.0.0-M3/f16a093cdb429dd643638f2f4c617f70568fb3/junit-jupiter-engine-5.0.0-M3.jar:/root/.gradle/caches/modules-2/files-2.1/org.junit.vintage/junit-vintage-engine/4.12.0-M3/d1f572b6d10949cb60e3625e791c8d2da2789882/junit-vintage-engine-4.12.0-M3.jar:/root/.gradle/caches/modules-2/files-2.1/org.apache.logging.log4j/log4j-core/2.6.2/a91369f655eb1639c6aece5c5eb5108db18306/log4j-core-2.6.2.jar:/root/.gradle/caches/modules-2/files-2.1/org.apache.logging.log4j/log4j-jul/2.6.2/afb8205d03d7f30405b385a2b0fdf1086bc9bc2a/log4j-jul-2.6.2.jar:/root/.gradle/caches/modules-2/files-2.1/org.opentest4j/opentest4j/1.0.0-M1/b091255eafd515995a5c5fa042cd8db6f4860bf6/opentest4j-1.0.0-M1.jar:/root/.gradle/caches/modules-2/files-2.1/org.junit.platform/junit-platform-commons/1.0.0-M3/d5c77e2df6a820ae30fc17f21a3f8cfc03183980/junit-platform-commons-1.0.0-M3.jar:/root/.gradle/caches/modules-2/files-2.1/org.hamcrest/hamcrest-core/1.3/42a25dc3219429f0e5d060061f71acb49bf010a0/hamcrest-core-1.3.jar:/root/.gradle/caches/modules-2/files-2.1/org.junit.platform/junit-platform-engine/1.0.0-M3/39a1db55680c9f32985c84ba2951912138b18ac3/junit-platform-engine-1.0.0-M3.jar:/root/.gradle/caches/modules-2/files-2.1/org.apache.logging.log4j/log4j-api/2.6.2/bd1b74a5d170686362091c7cf596bbc3adf5c09b/log4j-api-2.6.2.jar:/root/.gradle/caches/modules-2/files-2.1/org.junit.platform/junit-platform-launcher/1.0.0-M3/86525f5274dee56f533f938f9aeae9a3716f8c4/junit-platform-launcher-1.0.0-M3.jar:/root/.gradle/caches/modules-2/files-2.1/org.junit.platform/junit-platform-console/1.0.0-M3/fec4071130bcec4081b868a59fa6cad47f11733/junit-platform-console-1.0.0-M3.jar"/>
<property name="java.class.version" value="52.0"/>
<property name="java.endorsed.dirs" value="/opt/jdk1.8.0_121/jre/lib/endorsed"/>
<property name="java.ext.dirs" value="/opt/jdk1.8.0_121/jre/lib/ext:/usr/java/packages/lib/ext"/>
<property name="java.home" value="/opt/jdk1.8.0_121/jre"/>
<property name="java.io.tmpdir" value="/tmp"/>
<property name="java.library.path" value="/usr/java/packages/lib/amd64:/usr/lib64:/lib64:/lib:/usr/lib"/>
<property name="java.runtime.name" value="Java(TM) SE Runtime Environment"/>
<property name="java.runtime.version" value="1.8.0_121-b13"/>
<property name="java.specification.name" value="Java Platform API Specification"/>
<property name="java.specification.vendor" value="Oracle Corporation"/>
<property name="java.specification.version" value="1.8"/>
<property name="java.vendor" value="Oracle Corporation"/>
<property name="java.vendor.url" value="http://java.oracle.com/"/>
<property name="java.vendor.url.bug" value="http://bugreport.sun.com/bugreport/"/>
<property name="java.version" value="1.8.0_121"/>
<property name="java.vm.info" value="mixed mode"/>
<property name="java.vm.name" value="Java HotSpot(TM) 64-Bit Server VM"/>
<property name="java.vm.specification.name" value="Java Virtual Machine Specification"/>
<property name="java.vm.specification.vendor" value="Oracle Corporation"/>
<property name="java.vm.specification.version" value="1.8"/>
<property name="java.vm.vendor" value="Oracle Corporation"/>
<property name="java.vm.version" value="25.121-b13"/>
<property name="line.separator" value="
"/>
<property name="os.arch" value="amd64"/>
<property name="os.name" value="Linux"/>
<property name="os.version" value="4.9.6-1-ARCH"/>
<property name="path.separator" value=":"/>
<property name="sun.arch.data.model" value="64"/>
<property name="sun.boot.class.path" value="/opt/jdk1.8.0_121/jre/lib/resources.jar:/opt/jdk1.8.0_121/jre/lib/rt.jar:/opt/jdk1.8.0_121/jre/lib/sunrsasign.jar:/opt/jdk1.8.0_121/jre/lib/jsse.jar:/opt/jdk1.8.0_121/jre/lib/jce.jar:/opt/jdk1.8.0_121/jre/lib/charsets.jar:/opt/jdk1.8.0_121/jre/lib/jfr.jar:/opt/jdk1.8.0_121/jre/classes"/>
<property name="sun.boot.library.path" value="/opt/jdk1.8.0_121/jre/lib/amd64"/>
<property name="sun.cpu.endian" value="little"/>
<property name="sun.cpu.isalist" value=""/>
<property name="sun.io.unicode.encoding" value="UnicodeLittle"/>
<property name="sun.java.command" value="org.junit.platform.console.ConsoleLauncher --hide-details --scan-class-path /usr/src/app/build/classes/main:/usr/src/app/build/resources/main:/usr/src/app/build/classes/test:/usr/src/app/build/resources/test -n ^.*Tests?$ -T slow --reports-dir /usr/src/app/build/test-results/junit-platform"/>
<property name="sun.java.launcher" value="SUN_STANDARD"/>
<property name="sun.jnu.encoding" value="ANSI_X3.4-1968"/>
<property name="sun.management.compiler" value="HotSpot 64-Bit Tiered Compilers"/>
<property name="sun.os.patch.level" value="unknown"/>
<property name="user.country" value="US"/>
<property name="user.dir" value="/usr/src/app"/>
<property name="user.home" value="/root"/>
<property name="user.language" value="en"/>
<property name="user.name" value="root"/>
<property name="user.timezone" value="Etc/UTC"/>
<property name="user.variant" value=""/>
</properties>
<system-out><![CDATA[
unique-id: [engine:junit-jupiter]
display-name: JUnit Jupiter
]]></system-out>
</testsuite>
